\BOOKMARK [1][-]{section.1}{Abstract}{}
\BOOKMARK [1][-]{section.2}{Background}{}
\BOOKMARK [1][-]{section.3}{Motivation}{}
\BOOKMARK [2][-]{subsection.3.1}{Creation of the Assignment}{section.3}
\BOOKMARK [2][-]{subsection.3.2}{Caveats}{section.3}
\BOOKMARK [2][-]{subsection.3.3}{Simplifications}{section.3}
\BOOKMARK [1][-]{section.4}{Problems}{}
\BOOKMARK [2][-]{subsection.4.1}{Edge List Generation}{section.4}
\BOOKMARK [2][-]{subsection.4.2}{Geometric Subproblem}{section.4}
\BOOKMARK [2][-]{subsection.4.3}{Optimizations}{section.4}
\BOOKMARK [1][-]{section.5}{Results}{}
\BOOKMARK [2][-]{subsection.5.1}{Format}{section.5}
\BOOKMARK [2][-]{subsection.5.2}{Progress}{section.5}
\BOOKMARK [2][-]{subsection.5.3}{Final Submissions}{section.5}
\BOOKMARK [1][-]{section.6}{Solutions}{}
\BOOKMARK [2][-]{subsection.6.1}{Requirements}{section.6}
\BOOKMARK [2][-]{subsection.6.2}{Hash Table}{section.6}
\BOOKMARK [2][-]{subsection.6.3}{Arrays}{section.6}
\BOOKMARK [2][-]{subsection.6.4}{Hybrid Structure}{section.6}
\BOOKMARK [2][-]{subsection.6.5}{Matrix}{section.6}
\BOOKMARK [2][-]{subsection.6.6}{Ordering}{section.6}
\BOOKMARK [2][-]{subsection.6.7}{Geometry}{section.6}
\BOOKMARK [1][-]{section.7}{Conclusion}{}
