Build started 5/1/2014 8:27:14 PM.
     1>Project "C:\Users\Asus\Source\Repos\Graphics\homework\5\Project1\Project1\Project1.vcxproj" on node 2 (Build target(s)).
     1>ClCompile:
         C:\Program Files (x86)\Microsoft Visual Studio 12.0\VC\bin\CL.exe /c /Zi /nologo /W3 /WX- /sdl /O2 /Oi /Oy- /GL /D _MBCS /Gm- /EHsc /MD /GS /Gy /fp:precise /Zc:wchar_t /Zc:forScope /Fo"Release\\" /Fd"Release\vc120.pdb" /Gd /TP /analyze- /errorReport:prompt ..\..\..\..\inclass\7\demo\main.cpp
         main.cpp
     1>C:\Program Files (x86)\Microsoft Visual Studio 12.0\VC\include\GL/glui.h(868): warning C4244: 'argument' : conversion from 'double' to 'GLfloat', possible loss of data
     1>..\..\..\..\inclass\7\demo\main.cpp(151): warning C4244: '=' : conversion from 'int' to 'float', possible loss of data
     1>..\..\..\..\inclass\7\demo\main.cpp(152): warning C4244: '=' : conversion from 'int' to 'float', possible loss of data
     1>..\..\..\..\inclass\7\demo\main.cpp(223): warning C4244: '=' : conversion from 'double' to 'float', possible loss of data
     1>..\..\..\..\inclass\7\demo\main.cpp(224): warning C4244: '=' : conversion from 'double' to 'float', possible loss of data
     1>..\..\..\..\inclass\7\demo\main.cpp(225): warning C4244: '=' : conversion from 'double' to 'float', possible loss of data
     1>..\..\..\..\inclass\7\demo\main.cpp(243): warning C4244: '=' : conversion from 'double' to 'float', possible loss of data
     1>..\..\..\..\inclass\7\demo\main.cpp(244): warning C4244: '=' : conversion from 'double' to 'float', possible loss of data
     1>..\..\..\..\inclass\7\demo\main.cpp(245): warning C4244: '=' : conversion from 'double' to 'float', possible loss of data
     1>..\..\..\..\inclass\7\demo\main.cpp(269): warning C4244: '=' : conversion from 'double' to 'float', possible loss of data
     1>..\..\..\..\inclass\7\demo\main.cpp(270): warning C4244: '=' : conversion from 'double' to 'float', possible loss of data
     1>..\..\..\..\inclass\7\demo\main.cpp(271): warning C4244: '=' : conversion from 'double' to 'float', possible loss of data
     1>..\..\..\..\inclass\7\demo\main.cpp(297): warning C4244: 'argument' : conversion from 'double' to 'GLfloat', possible loss of data
     1>..\..\..\..\inclass\7\demo\main.cpp(298): warning C4244: 'argument' : conversion from 'int' to 'GLfloat', possible loss of data
     1>..\..\..\..\inclass\7\demo\main.cpp(299): warning C4244: 'initializing' : conversion from 'double' to 'float', possible loss of data
     1>..\..\..\..\inclass\7\demo\main.cpp(318): warning C4305: 'argument' : truncation from 'double' to 'GLfloat'
     1>..\..\..\..\inclass\7\demo\main.cpp(381): warning C4305: 'argument' : truncation from 'double' to 'GLclampf'
       Link:
         C:\Program Files (x86)\Microsoft Visual Studio 12.0\VC\bin\link.exe /ERRORREPORT:PROMPT /OUT:"C:\Users\Asus\Source\Repos\Graphics\homework\5\Project1\Release\Project1.exe" /NOLOGO kernel32.lib user32.lib gdi32.lib winspool.lib comdlg32.lib advapi32.lib shell32.lib ole32.lib oleaut32.lib uuid.lib odbc32.lib odbccp32.lib /MANIFEST /MANIFESTUAC:"level='asInvoker' uiAccess='false'" /manifest:embed /DEBUG /PDB:"C:\Users\Asus\Source\Repos\Graphics\homework\5\Project1\Release\Project1.pdb" /OPT:REF /OPT:ICF /LTCG /TLBID:1 /DYNAMICBASE /NXCOMPAT /IMPLIB:"C:\Users\Asus\Source\Repos\Graphics\homework\5\Project1\Release\Project1.lib" /MACHINE:X86 /SAFESEH Release\entity.obj
         Release\main.obj
         Release\ply.obj
         Generating code
         Finished generating code
         Project1.vcxproj -> C:\Users\Asus\Source\Repos\Graphics\homework\5\Project1\Release\Project1.exe
     1>Done Building Project "C:\Users\Asus\Source\Repos\Graphics\homework\5\Project1\Project1\Project1.vcxproj" (Build target(s)).

Build succeeded.

Time Elapsed 00:00:02.20
